<?xml version="1.0" encoding="UTF-8"?>
<testng-results ignored="0" total="1" passed="1" failed="0" skipped="0">
  <reporter-output>
  </reporter-output>
  <suite started-at="2023-01-04T00:08:50 IST" name="Practice Suite" finished-at="2023-01-04T00:08:51 IST" duration-ms="324">
    <groups>
    </groups>
    <test started-at="2023-01-04T00:08:50 IST" name="Test Basics 1" finished-at="2023-01-04T00:08:51 IST" duration-ms="324">
      <class name="sample.SampleTest">
        <test-method signature="testA()[pri:0, instance:sample.SampleTest@6ac0b715]" started-at="2023-01-04T00:08:50 IST" name="testA" finished-at="2023-01-04T00:08:51 IST" duration-ms="106" status="PASS">
          <reporter-output>
          </reporter-output>
        </test-method> <!-- testA -->
      </class> <!-- sample.SampleTest -->
    </test> <!-- Test Basics 1 -->
  </suite> <!-- Practice Suite -->
</testng-results>
